<?xml version="1.0" encoding="UTF-8"?>
<robot generator="Robot 6.0.1 (Python 3.10.7 on win32)" generated="20221214 11:54:49.250" rpa="false" schemaversion="3">
<suite id="s1" name="ValidateAddressPaulinia" source="D:\repositorio\automated-test-with-robot\tests\ValidateAddressPaulinia.robot">
<test id="s1-t1" name="TC01 - Validating the address of this zip code" line="6">
<kw name="Given the user want to know the the address of this zip code" library="PauliniaZipCodeStep">
<kw name="Create Session" library="RequestsLibrary">
<arg>mysession</arg>
<arg>${base_url.zipcode_api}</arg>
<doc>Create Session: create a HTTP session to a server</doc>
<msg timestamp="20221214 11:54:49.618" level="INFO">Creating Session using : alias=mysession, url=https://viacep.com.br/ws/, headers={},                     cookies={}, auth=None, timeout=None, proxies=None, verify=False,                     debug=0 </msg>
<status status="PASS" starttime="20221214 11:54:49.618" endtime="20221214 11:54:49.619"/>
</kw>
<status status="PASS" starttime="20221214 11:54:49.618" endtime="20221214 11:54:49.619"/>
</kw>
<kw name="When the user chooses the zip code" library="PauliniaZipCodeStep">
<kw name="GET On Session" library="RequestsLibrary">
<var>${RESPONSE}</var>
<arg>mysession</arg>
<arg>${zipcode.zip}/${zipcode.format}</arg>
<doc>Sends a GET request on a previously created HTTP Session.</doc>
<msg timestamp="20221214 11:54:50.107" level="INFO">GET Request : url=https://viacep.com.br/ws/13140770/json 
 path_url=/ws/13140770/json 
 headers={'User-Agent': 'python-requests/2.28.1', 'Accept-Encoding': 'gzip, deflate', 'Accept': '*/*', 'Connection': 'keep-alive'} 
 body=None 
 </msg>
<msg timestamp="20221214 11:54:50.107" level="INFO">GET Response : url=https://viacep.com.br/ws/13140770/json 
 status=200, reason=OK 
 headers={'Server': 'nginx/1.22.0', 'Date': 'Wed, 14 Dec 2022 14:54:50 GMT', 'Content-Type': 'application/json; charset=utf-8', 'Transfer-Encoding': 'chunked', 'Connection': 'keep-alive', 'Expires': 'Wed, 14 Dec 2022 15:54:50 GMT', 'Cache-Control': 'max-age=3600, public', 'Pragma': 'public', 'Access-Control-Allow-Origin': '*', 'Access-Control-Allow-Methods': 'GET', 'Access-Control-Allow-Headers': 'Content-Type, X-Request-With, X-Requested-By', 'Access-Control-Allow-Credentials': 'true', 'Access-Control-Max-Age': '86400'} 
 body={
  "cep": "13140-770",
  "logradouro": "Avenida Doutor Alexandre Martins Laroca",
  "complemento": "de 34 ao fim - lado par",
  "bairro": "Santa Terezinha",
  "localidade": "Paulínia",
  "uf": "SP",
  "ibge": "3536505",
  "gia": "5137",
  "ddd": "19",
  "siafi": "6831"
} 
 </msg>
<msg timestamp="20221214 11:54:50.108" level="INFO">C:\Python\Python310\lib\site-packages\urllib3\connectionpool.py:1045: InsecureRequestWarning: Unverified HTTPS request is being made to host 'viacep.com.br'. Adding certificate verification is strongly advised. See: https://urllib3.readthedocs.io/en/1.26.x/advanced-usage.html#ssl-warnings
  warnings.warn(</msg>
<msg timestamp="20221214 11:54:50.110" level="INFO">${RESPONSE} = &lt;Response [200]&gt;</msg>
<status status="PASS" starttime="20221214 11:54:49.619" endtime="20221214 11:54:50.110"/>
</kw>
<kw name="Set Global Variable" library="BuiltIn">
<arg>${RESPONSE}</arg>
<doc>Makes a variable available globally in all tests and suites.</doc>
<msg timestamp="20221214 11:54:50.112" level="INFO">${RESPONSE} = &lt;Response [200]&gt;</msg>
<status status="PASS" starttime="20221214 11:54:50.111" endtime="20221214 11:54:50.112"/>
</kw>
<status status="PASS" starttime="20221214 11:54:49.619" endtime="20221214 11:54:50.113"/>
</kw>
<kw name="Then the address should be shown" library="PauliniaZipCodeStep">
<kw name="Convert String To Json" library="JSONLibrary">
<var>${response_json}</var>
<arg>${RESPONSE.content}</arg>
<doc>Convert String to JSON object</doc>
<msg timestamp="20221214 11:54:50.117" level="INFO">${response_json} = {'cep': '13140-770', 'logradouro': 'Avenida Doutor Alexandre Martins Laroca', 'complemento': 'de 34 ao fim - lado par', 'bairro': 'Santa Terezinha', 'localidade': 'Paulínia', 'uf': 'SP', 'ibge': '3536...</msg>
<status status="PASS" starttime="20221214 11:54:50.115" endtime="20221214 11:54:50.118"/>
</kw>
<kw name="Convert To String" library="BuiltIn">
<var>${status_code}</var>
<arg>${RESPONSE.status_code}</arg>
<doc>Converts the given item to a Unicode string.</doc>
<msg timestamp="20221214 11:54:50.120" level="INFO">${status_code} = 200</msg>
<status status="PASS" starttime="20221214 11:54:50.118" endtime="20221214 11:54:50.120"/>
</kw>
<kw name="Should Be Equal" library="BuiltIn">
<arg>${status_code}</arg>
<arg>200</arg>
<doc>Fails if the given objects are unequal.</doc>
<status status="PASS" starttime="20221214 11:54:50.121" endtime="20221214 11:54:50.121"/>
</kw>
<kw name="Get Value From Json" library="JSONLibrary">
<var>${city_value}</var>
<arg>${response_json}</arg>
<arg>$.localidade</arg>
<doc>Get Value From JSON using JSONPath</doc>
<msg timestamp="20221214 11:54:50.183" level="INFO">${city_value} = ['Paulínia']</msg>
<status status="PASS" starttime="20221214 11:54:50.122" endtime="20221214 11:54:50.183"/>
</kw>
<kw name="Get Value From Json" library="JSONLibrary">
<var>${state_value}</var>
<arg>${response_json}</arg>
<arg>$.uf</arg>
<doc>Get Value From JSON using JSONPath</doc>
<msg timestamp="20221214 11:54:50.200" level="INFO">${state_value} = ['SP']</msg>
<status status="PASS" starttime="20221214 11:54:50.183" endtime="20221214 11:54:50.200"/>
</kw>
<kw name="Get Value From Json" library="JSONLibrary">
<var>${zipcode_value}</var>
<arg>${response_json}</arg>
<arg>$.cep</arg>
<doc>Get Value From JSON using JSONPath</doc>
<msg timestamp="20221214 11:54:50.217" level="INFO">${zipcode_value} = ['13140-770']</msg>
<status status="PASS" starttime="20221214 11:54:50.201" endtime="20221214 11:54:50.217"/>
</kw>
<kw name="Should Be Equal" library="BuiltIn">
<arg>${city_value}</arg>
<arg>Paulínia</arg>
<doc>Fails if the given objects are unequal.</doc>
<msg timestamp="20221214 11:54:50.218" level="INFO">Argument types are:
&lt;class 'list'&gt;
&lt;class 'str'&gt;</msg>
<msg timestamp="20221214 11:54:50.218" level="FAIL">['Paulínia'] != Paulínia</msg>
<status status="FAIL" starttime="20221214 11:54:50.217" endtime="20221214 11:54:50.218"/>
</kw>
<kw name="Should Be Equal" library="BuiltIn">
<arg>${state_value}</arg>
<arg>SP</arg>
<doc>Fails if the given objects are unequal.</doc>
<status status="NOT RUN" starttime="20221214 11:54:50.218" endtime="20221214 11:54:50.218"/>
</kw>
<kw name="Should Be Equal" library="BuiltIn">
<arg>${zipcode_value}</arg>
<arg>13140-770</arg>
<doc>Fails if the given objects are unequal.</doc>
<status status="NOT RUN" starttime="20221214 11:54:50.218" endtime="20221214 11:54:50.218"/>
</kw>
<kw name="Log To Console" library="BuiltIn">
<arg>${response_json}</arg>
<doc>Logs the given message to the console.</doc>
<status status="NOT RUN" starttime="20221214 11:54:50.218" endtime="20221214 11:54:50.218"/>
</kw>
<status status="FAIL" starttime="20221214 11:54:50.114" endtime="20221214 11:54:50.218"/>
</kw>
<status status="FAIL" starttime="20221214 11:54:49.617" endtime="20221214 11:54:50.219">['Paulínia'] != Paulínia</status>
</test>
<status status="FAIL" starttime="20221214 11:54:49.252" endtime="20221214 11:54:50.221"/>
</suite>
<statistics>
<total>
<stat pass="0" fail="1" skip="0">All Tests</stat>
</total>
<tag>
</tag>
<suite>
<stat pass="0" fail="1" skip="0" id="s1" name="ValidateAddressPaulinia">ValidateAddressPaulinia</stat>
</suite>
</statistics>
<errors>
</errors>
</robot>
